zip, 
companyOfficers, 
targetLowPrice, 
targetMedianPrice, 
earningsGrowth, 
numberOfAnalystOpinions, 
targetMeanPrice, 
targetHighPrice, 
recommendationMean, 
annualHoldingsTurnover, 
beta3Year, 
morningStarRiskRating, 
forwardEps, 
revenueQuarterlyGrowth, 
fundInceptionDate, 
annualReportExpenseRatio, 
totalAssets, 
sharesShort, 
sharesPercentSharesOut, 
fundFamily, 
lastDividendValue, 
deleted, 
shortRatio, 
sharesShortPreviousMonthDate, 
threeYearAverageReturn, 
lastSplitDate, 
lastSplitFactor, 
legalType, 
lastDividendDate, 
morningStarOverallRating, 
earningsQuarterlyGrowth, 
dateShortInterest, 
pegRatio, 
ytdReturn, 
lastCapGain, 
shortPercentOfFloat, 
sharesShortPriorMonth, 
impliedSharesOutstanding, 
category, 
fiveYearAverageReturn, 
volume24Hr, 
navPrice, 
toCurrency, 
expireDate, 
algorithm, 
dividendRate, 
exDividendDate, 
circulatingSupply, 
startDate, 
lastMarket, 
maxSupply, 
openInterest, 
volumeAllCurrencies, 
strikePrice, 
fromCurrency, 
fiveYearAvgDividendYield, 
dividendYield, 
coinMarketCapLink, 
preMarketPrice, 
trailingPegRatio, 
fax, 
address2, 
trailingPE, 
fullTimeEmployees, 
underlyingSymbol, 
underlyingExchangeSymbol, 
headSymbol, 
uuid, 
