1CG.AX, 
1ST.AX, 
2BE.AX, 
3MF.AX, 
ADC.AX, 
AIQ.AX, 
AKL.AX, 
ANZDA.AX, 
APL.AX, 
APZ.AX, 
BEZN.AX, 
BHD.AX, 
BM8.AX, 
BTI.AX, 
C7A.AX, 
CDO.AX, 
CTN.AX, 
DCN.AX, 
DYM.AX, 
EAI.AX, 
EMC.AX, 
ENN.AX, 
ETM.AX, 
ETR.AX, 
EVG.AX, 
EWCN.AX, 
FOR.AX, 
GCM.AX, 
GHY.AX, 
GTM.AX, 
H2G.AX, 
HLI.AX, 
HRO.AX, 
HTM.AX, 
ICIN.AX, 
IEQ.AX, 
KDY.AX, 
KKC.AX, 
LLI.AX, 
LRSNC.AX, 
LV1.AX, 
M4M.AX, 
MGF.AX, 
MIH.AX, 
MRCN.AX, 
MTL.AX, 
NBI.AX, 
NXD.AX, 
OPA.AX, 
PAT.AX, 
PCI.AX, 
PDIND.AX, 
PGG.AX, 
PL3.AX, 
PMT.AX, 
PVT.AX, 
REC.AX, 
RF1.AX, 
RG8.AX, 
RGN.AX, 
RNUNA.AX, 
RVT.AX, 
SEC.AX, 
SOC.AX, 
SP8.AX, 
SQX.AX, 
SVR.AX, 
T1G.AX, 
TEK.AX, 
THL.AX, 
TVL.AX, 
UNT.AX, 
VG1.AX, 
VHM.AX, 
VTM.AX, 
WLS.AX, 
WMI.AX, 
WOT.AX, 
WPR.AX, 
WQG.AX, 
{'sector': 'Financial Services', 'long_business_summary': 'Future Generation Global Investment Company Limited is a closed-ended equity fund of funds launched by Wilson Asset Management (International) Pty Limited. The fund is co-managed by Antipodes Partners, Avenir Capital Pty Ltd, Cooper Investors Pty Limited, Eastspring Investments (Singapore) Limited, Ellerston Capital Pty Limited, Hunter Hall Investment Management Limited, Insync Funds Management Pty Limited, IronBridge Capital Management, L.P., Magellan Asset Management Limited, Manikay Partners, Morphic Asset Management Pty Limited, Neuberger Berman Australia Pty Limited, Nikko Asset Management Australia Limited, Optimal Fund Management Pty Limited, Paradice Investment Management Pty Ltd., Tribeca Investment Partners Pty Ltd., and VGI Partners Pty Limited. It invests in funds which invest in public equity markets across the globe. The fund seeks to invest in stocks of companies operating across diversified sectors. It primarily invests in other mutual funds which in turn invest in stocks of companies across all market capitalizations. The fund employs both quantitative and fundamental analysis with a combination of bottom-up and top-down stock selection approaches to create its portfolio. Future Generation Global Investment Company Limited was formed on July 10, 2015 and is domiciled in Australia.', 'city': 'Sydney', 'phone': '61 2 9247 6755', 'state': 'NSW', 'country': 'Australia', 'website': 'https://www.futuregeninvest.com.au/Global/', 'max_age': 1, 'address': 'Level 26', 'industry': 'Asset Management', 'ebitda_margins': 0.0, 'profit_margins': 0.0, 'gross_margins': 0.0, 'operating_cashflow': 6242000, 'revenue_growth': None, 'operating_margins': 1.00539, 'ebitda': None, 'recommendation_key': 'none', 'gross_profits': 75134000, 'free_cashflow': -73334752, 'current_price': 1.18, 'current_ratio': 1.609, 'return_on_assets': -0.13269, 'debt_to_equity': None, 'return_on_equity': -0.16781999, 'total_cash': 19010000, 'total_debt': 0, 'total_revenue': -130677000, 'total_cash_per_share': 0.048, 'financial_currency': 'AUD', 'revenue_per_share': -0.332, 'quick_ratio': 1.609, 'exchange': 'ASX', 'short_name': 'FUTURE GLB FPO', 'long_name': 'Future Generation Global Investment Company Limited', 'exchange_timezone_name': 'Australia/Sydney', 'exchange_timezone_short_name': 'AEDT', 'is_esg_populated': False, 'gmt_offset_milliseconds': '39600000', 'quote_type': 'EQUITY', 'symbol': 'FGG.AX', 'message_board_id': 'finmb_305660671', 'market': 'au_market', 'enterprise_to_revenue': -3.34, 'enterprise_to_ebitda': None, 'fifty_two_week_change': None, 'shares_outstanding': 393612000, 'book_value': 1.507, 'last_fiscal_year_end': 1640908800, 'held_percent_institutions': 0.083850004, 'net_income_to_common': -96376000, 'trailing_eps': 0.05, 's_and_p_52_week_change': None, 'price_to_book': 0.78301257, 'held_percent_insiders': 0.11707, 'next_fiscal_year_end': 1703980800, 'most_recent_quarter': 1656547200, 'float_shares': None, 'beta': 0.608044, 'enterprise_value': 436427808, 'price_hint': 4, 'price_to_sales_trailing_12_months': -3.5542762, 'forward_p_e': None, 'previous_close': 1.185, 'regular_market_open': 1.18, 'two_hundred_day_average': 1.1830875, 'trailing_annual_dividend_yield': 0.016877638, 'payout_ratio': None, 'regular_market_day_high': 1.185, 'average_daily_volume_10_day': 128739, 'regular_market_previous_close': 1.185, 'fifty_day_average': 1.1479, 'trailing_annual_dividend_rate': 0.02, 'open_price': 1.18, 'average_volume_10_days': 128739, 'regular_market_day_low': 1.175, 'currency': 'AUD', 'regular_market_volume': 120671, 'market_cap': 464462144, 'average_volume': 159682, 'day_low': 1.175, 'ask': 1.19, 'ask_size': 0, 'volume': 120671, 'fifty_two_week_high': 1.6, 'fifty_two_week_low': 1.065, 'bid': 1.18, 'tradeable': False, 'bid_size': 0, 'day_high': 1.185, 'regular_market_price': 1.18, 'logo_url': 'https://logo.clearbit.com/futuregeninvest.com.au'}, 
{'sector': 'Basic Materials', 'long_business_summary': 'Lefroy Exploration Limited engages in the exploration and evaluation of mineral properties in Western Australia. The company explores for gold, copper, and nickel deposits. Its flagship project is the 100% owned Lefroy Gold project that covers an area of approximately 607 square kilometers located to the southeast of Kalgoorlie. The company was formerly known as U.S. Masters Holdings Limited and changed its name to Lefroy Exploration Limited in September 2016. Lefroy Exploration Limited was incorporated in 1990 and is headquartered in Road Town, British Virgin Islands.', 'city': 'Road Town', 'phone': None, 'state': None, 'country': 'British Virgin Islands', 'website': 'https://www.lefroyex.com', 'max_age': 1, 'address': 'Rodus Building', 'industry': 'Other Industrial Metals & Mining', 'ebitda_margins': 0.0, 'profit_margins': 0.0, 'gross_margins': 1.0, 'operating_cashflow': -1671000, 'revenue_growth': -0.849, 'operating_margins': -238.1, 'ebitda': -2346000, 'recommendation_key': 'none', 'gross_profits': 10000, 'free_cashflow': -4764250, 'current_price': 0.24, 'current_ratio': 9.37, 'return_on_assets': -0.08332, 'debt_to_equity': 1.553, 'return_on_equity': -0.14162, 'total_cash': 4248000, 'total_debt': 295000, 'total_revenue': 10000, 'total_cash_per_share': 0.031, 'financial_currency': 'AUD', 'revenue_per_share': 0.0, 'quick_ratio': 9.092, 'exchange': 'ASX', 'short_name': 'LEFROYEXP FPO 50CUS', 'long_name': 'Lefroy Exploration Limited', 'exchange_timezone_name': 'Australia/Sydney', 'exchange_timezone_short_name': 'AEDT', 'is_esg_populated': False, 'gmt_offset_milliseconds': '39600000', 'quote_type': 'EQUITY', 'symbol': 'LEX.AX', 'message_board_id': 'finmb_20388407', 'market': 'au_market', 'enterprise_to_revenue': 3540.826, 'enterprise_to_ebitda': -15.093, 'fifty_two_week_change': None, 'shares_outstanding': 144524992, 'book_value': 0.131, 'last_fiscal_year_end': 1656547200, 'held_percent_institutions': 0.14491001, 'net_income_to_common': -2385000, 'trailing_eps': -0.004, 's_and_p_52_week_change': None, 'price_to_book': 1.832061, 'held_percent_insiders': 0.40765, 'next_fiscal_year_end': 1719705600, 'most_recent_quarter': 1656547200, 'float_shares': 64469593, 'beta': 1.126658, 'enterprise_value': 35408256, 'price_hint': 4, 'price_to_sales_trailing_12_months': 3468.5996, 'forward_p_e': None, 'previous_close': 0.24, 'regular_market_open': 0.24, 'two_hundred_day_average': 0.283725, 'trailing_annual_dividend_yield': None, 'payout_ratio': 0.0, 'regular_market_day_high': 0.24, 'average_daily_volume_10_day': 124999, 'regular_market_previous_close': 0.24, 'fifty_day_average': 0.2614, 'trailing_annual_dividend_rate': None, 'open_price': 0.24, 'average_volume_10_days': 124999, 'regular_market_day_low': 0.24, 'currency': 'AUD', 'regular_market_volume': 69285, 'market_cap': 34685996, 'average_volume': 74898, 'day_low': 0.24, 'ask': 0.25, 'ask_size': 0, 'volume': 69285, 'fifty_two_week_high': 0.44, 'fifty_two_week_low': 0.215, 'bid': 0.24, 'tradeable': False, 'bid_size': 0, 'day_high': 0.24, 'regular_market_price': 0.24, 'logo_url': 'https://logo.clearbit.com/lefroyex.com'}, 
{'sector': 'Industrials', 'long_business_summary': 'Magnis Energy Technologies Limited engages in the exploration and development of mineral properties in the United States, Australia, and Tanzania. It primarily explores for natural flake graphite used in batteries for storing electrical energy. The company holds a 100% interest in the Nachu graphite project located in south-east Tanzania. It also engages in the lithium-ion battery investments. The company was formerly known as Magnis Resources Limited and changed its name to Magnis Energy Technologies Limited in November 2018. Magnis Energy Technologies Limited was incorporated in 2005 and is based in Sydney, Australia.', 'city': 'Sydney', 'phone': '61 2 8397 9888', 'state': 'NSW', 'country': 'Australia', 'website': 'https://www.magnis.com.au', 'max_age': 1, 'address': 'Aurora Place', 'industry': 'Electrical Equipment & Parts', 'ebitda_margins': 0.0, 'profit_margins': 0.0, 'gross_margins': 0.0, 'operating_cashflow': -47106188, 'revenue_growth': None, 'operating_margins': -13602899.0, 'ebitda': -27192656, 'recommendation_key': 'none', 'gross_profits': -1099526, 'free_cashflow': -78390528, 'current_price': 0.39, 'current_ratio': 19.149, 'return_on_assets': -0.09522, 'debt_to_equity': 382.896, 'return_on_equity': -1.16544, 'total_cash': 100238240, 'total_debt': 178257744, 'total_revenue': 2, 'total_cash_per_share': 0.104, 'financial_currency': 'AUD', 'revenue_per_share': 0.0, 'quick_ratio': 16.896, 'exchange': 'ASX', 'short_name': 'MAGNIS FPO', 'long_name': 'Magnis Energy Technologies Limited', 'exchange_timezone_name': 'Australia/Sydney', 'exchange_timezone_short_name': 'AEDT', 'is_esg_populated': False, 'gmt_offset_milliseconds': '39600000', 'quote_type': 'EQUITY', 'symbol': 'MNS.AX', 'message_board_id': 'finmb_24023920', 'market': 'au_market', 'enterprise_to_revenue': 225614320.0, 'enterprise_to_ebitda': -16.594, 'fifty_two_week_change': None, 'shares_outstanding': 978556032, 'book_value': 0.031, 'last_fiscal_year_end': 1656547200, 'held_percent_institutions': 0.00101, 'net_income_to_common': -40819904, 'trailing_eps': -0.007, 's_and_p_52_week_change': None, 'price_to_book': 12.580645, 'held_percent_insiders': 0.20187001, 'next_fiscal_year_end': 1719705600, 'most_recent_quarter': 1656547200, 'float_shares': 808059054, 'beta': 1.237911, 'enterprise_value': 451228640, 'price_hint': 4, 'price_to_sales_trailing_12_months': 190818416.0, 'forward_p_e': -39.0, 'previous_close': 0.395, 'regular_market_open': 0.4, 'two_hundred_day_average': 0.3873, 'trailing_annual_dividend_yield': None, 'payout_ratio': 0.0, 'regular_market_day_high': 0.4, 'average_daily_volume_10_day': 2302657, 'regular_market_previous_close': 0.395, 'fifty_day_average': 0.3808, 'trailing_annual_dividend_rate': None, 'open_price': 0.4, 'average_volume_10_days': 2302657, 'regular_market_day_low': 0.385, 'currency': 'AUD', 'regular_market_volume': 1686008, 'market_cap': 381636832, 'average_volume': 2305065, 'day_low': 0.385, 'ask': 0.39, 'ask_size': 0, 'volume': 1686008, 'fifty_two_week_high': 0.635, 'fifty_two_week_low': 0.27, 'bid': 0.385, 'tradeable': False, 'bid_size': 0, 'day_high': 0.4, 'regular_market_price': 0.39, 'logo_url': 'https://logo.clearbit.com/magnis.com.au'}, 
{'sector': 'Financial Services', 'long_business_summary': 'Ophir Asset Management Pty Ltd - Ophir High Conviction Fund (ASX:OPH) was founded in 2015 and is based in Australia.', 'city': 'Sydney', 'phone': '1300 408 787', 'state': 'NSW', 'country': 'Australia', 'website': 'https://www.ophiram.com.au/funds/high-conviction-fund/', 'max_age': 1, 'address': 'Level 26, Governor Phillip Tower,', 'industry': 'Asset Management', 'ebitda_margins': 0.0, 'profit_margins': 0.0, 'gross_margins': 0.0, 'operating_cashflow': 74480000, 'revenue_growth': None, 'operating_margins': 1.06538, 'ebitda': None, 'recommendation_key': 'none', 'gross_profits': -162624000, 'free_cashflow': -149479632, 'current_price': 2.47, 'current_ratio': 15.604, 'return_on_assets': -0.17061001, 'debt_to_equity': None, 'return_on_equity': -0.29986998, 'total_cash': 528585984, 'total_debt': 0, 'total_revenue': -162624000, 'total_cash_per_share': 2.405, 'financial_currency': 'AUD', 'revenue_per_share': -0.766, 'quick_ratio': 15.604, 'exchange': 'ASX', 'short_name': 'OPHIR HCF UNITS', 'long_name': 'Ophir Asset Management Pty Ltd - Ophir High Conviction Fund', 'exchange_timezone_name': 'Australia/Sydney', 'exchange_timezone_short_name': 'AEDT', 'is_esg_populated': False, 'gmt_offset_milliseconds': '39600000', 'quote_type': 'EQUITY', 'symbol': 'OPH.AX', 'message_board_id': 'finmb_322321110', 'market': 'au_market', 'enterprise_to_revenue': -0.115, 'enterprise_to_ebitda': None, 'fifty_two_week_change': None, 'shares_outstanding': None, 'book_value': 3.279, 'last_fiscal_year_end': 1656547200, 'held_percent_institutions': 0.15564, 'net_income_to_common': -173447008, 'trailing_eps': 0.522, 's_and_p_52_week_change': None, 'price_to_book': 0.75327843, 'held_percent_insiders': 0.13136, 'next_fiscal_year_end': 1719705600, 'most_recent_quarter': 1656547200, 'float_shares': None, 'beta': 1.041558, 'enterprise_value': 18743778, 'price_hint': 4, 'price_to_sales_trailing_12_months': None, 'forward_p_e': None, 'previous_close': 2.49, 'regular_market_open': 2.48, 'two_hundred_day_average': 2.57995, 'trailing_annual_dividend_yield': None, 'payout_ratio': None, 'regular_market_day_high': 2.505, 'average_daily_volume_10_day': 56473, 'regular_market_previous_close': 2.49, 'fifty_day_average': 2.4928, 'trailing_annual_dividend_rate': None, 'open_price': 2.48, 'average_volume_10_days': 56473, 'regular_market_day_low': 2.47, 'currency': 'AUD', 'regular_market_volume': 108786, 'market_cap': None, 'average_volume': 73369, 'day_low': 2.47, 'ask': 2.47, 'ask_size': 0, 'volume': 108786, 'fifty_two_week_high': 3.66, 'fifty_two_week_low': 2.2, 'bid': 2.46, 'tradeable': False, 'bid_size': 0, 'day_high': 2.505, 'regular_market_price': 2.47, 'logo_url': 'https://logo.clearbit.com/ophiram.com.au'}, 
{'sector': 'Basic Materials', 'long_business_summary': 'Red Hill Iron Limited engages in the exploration for and development of iron ore, and precious and base/battery metals in Western Australia. It holds 100% interests in the Pannawonica iron ore project; and the RHIOJV tenements covering an area of approximately 1,600 square kilometre in the West Pilbara. The company was incorporated in 2005 and is based in West Perth, Australia.', 'city': 'West Perth', 'phone': '61 8 9481 8627', 'state': 'WA', 'country': 'Australia', 'website': 'https://www.redhilliron.com.au', 'max_age': 1, 'address': '9 Havelock Street', 'industry': 'Other Industrial Metals & Mining', 'ebitda_margins': 0.97791, 'profit_margins': 0.71778, 'gross_margins': 1.0, 'operating_cashflow': -43445920, 'revenue_growth': 2173808.8, 'operating_margins': 0.97787005, 'ebitda': 195628000, 'recommendation_key': 'none', 'gross_profits': 200046217, 'free_cashflow': 134869440, 'current_price': 4.31, 'current_ratio': 5.164, 'return_on_assets': 2.72493, 'debt_to_equity': 0.267, 'return_on_equity': 3.78394, 'total_cash': 69046408, 'total_debt': 176271, 'total_revenue': 200046224, 'total_cash_per_share': 1.082, 'financial_currency': 'AUD', 'revenue_per_share': 3.191, 'quick_ratio': 5.164, 'exchange': 'ASX', 'short_name': 'REDHILLMIN FPO', 'long_name': 'Red Hill Iron Limited', 'exchange_timezone_name': 'Australia/Sydney', 'exchange_timezone_short_name': 'AEDT', 'is_esg_populated': False, 'gmt_offset_milliseconds': '39600000', 'quote_type': 'EQUITY', 'symbol': 'RHI.AX', 'message_board_id': 'finmb_25853426', 'market': 'au_market', 'enterprise_to_revenue': 0.772, 'enterprise_to_ebitda': 0.79, 'fifty_two_week_change': None, 'shares_outstanding': 63828100, 'book_value': 0.173, 'last_fiscal_year_end': 1656547200, 'held_percent_institutions': 0.00627, 'net_income_to_common': 143588976, 'trailing_eps': -0.009, 's_and_p_52_week_change': None, 'price_to_book': 24.913296, 'held_percent_insiders': 0.84059995, 'next_fiscal_year_end': 1719705600, 'most_recent_quarter': 1656547200, 'float_shares': 10174207, 'beta': 0.814719, 'enterprise_value': 154528384, 'price_hint': 4, 'price_to_sales_trailing_12_months': 1.3751777, 'forward_p_e': None, 'previous_close': 4.3, 'regular_market_open': 4.3, 'two_hundred_day_average': 3.6345, 'trailing_annual_dividend_yield': None, 'payout_ratio': 0.0, 'regular_market_day_high': 4.31, 'average_daily_volume_10_day': 7719, 'regular_market_previous_close': 4.3, 'fifty_day_average': 4.0544, 'trailing_annual_dividend_rate': None, 'open_price': 4.3, 'average_volume_10_days': 7719, 'regular_market_day_low': 4.3, 'currency': 'AUD', 'regular_market_volume': 10428, 'market_cap': 275099104, 'average_volume': 10080, 'day_low': 4.3, 'ask': 4.35, 'ask_size': 0, 'volume': 10428, 'fifty_two_week_high': 4.39, 'fifty_two_week_low': 2.85, 'bid': 4.32, 'tradeable': False, 'bid_size': 0, 'day_high': 4.31, 'regular_market_price': 4.31, 'logo_url': 'https://logo.clearbit.com/redhilliron.com.au'}, 
{'sector': 'Basic Materials', 'long_business_summary': 'Terramin Australia Limited, together with its subsidiaries, explores for, evaluates, and develops base and precious metals, and other economic mineral deposits in Australia and Northern Africa. The company primarily explores for zinc, lead, gold, and copper deposits. Its flagship project is the 65% owned Tala Hamza Zinc project located on the Mediterranean coast of Algeria. The company was incorporated in 1993 and is based in Strathalbyn, Australia.', 'city': 'Strathalbyn', 'phone': '61 8 8536 5950', 'state': 'SA', 'country': 'Australia', 'website': 'https://www.terramin.com.au', 'max_age': 1, 'address': '2115 Callington Road', 'industry': 'Other Industrial Metals & Mining', 'ebitda_margins': 0.0, 'profit_margins': 0.0, 'gross_margins': 0.0, 'operating_cashflow': -2009000, 'revenue_growth': None, 'operating_margins': 0.0, 'ebitda': -2438000, 'recommendation_key': 'none', 'gross_profits': -414000, 'free_cashflow': 5313250, 'current_price': 0.028, 'current_ratio': 0.158, 'return_on_assets': -0.022219999, 'debt_to_equity': 73.293, 'return_on_equity': -0.16225, 'total_cash': 5716000, 'total_debt': 26843000, 'total_revenue': 0, 'total_cash_per_share': 0.003, 'financial_currency': 'AUD', 'revenue_per_share': 0.0, 'quick_ratio': 0.15, 'exchange': 'ASX', 'short_name': 'TERRAMIN FPO', 'long_name': 'Terramin Australia Limited', 'exchange_timezone_name': 'Australia/Sydney', 'exchange_timezone_short_name': 'AEDT', 'is_esg_populated': False, 'gmt_offset_milliseconds': '39600000', 'quote_type': 'EQUITY', 'symbol': 'TZN.AX', 'message_board_id': 'finmb_9644021', 'market': 'au_market', 'enterprise_to_revenue': None, 'enterprise_to_ebitda': -34.71, 'fifty_two_week_change': None, 'shares_outstanding': 2116560000, 'book_value': 0.014, 'last_fiscal_year_end': 1640908800, 'held_percent_institutions': 0.01091, 'net_income_to_common': -6059000, 'trailing_eps': -0.003, 's_and_p_52_week_change': None, 'price_to_book': 2.0, 'held_percent_insiders': 0.53814, 'next_fiscal_year_end': 1703980800, 'most_recent_quarter': 1656547200, 'float_shares': 977555658, 'beta': 0.407359, 'enterprise_value': 84623880, 'price_hint': 4, 'price_to_sales_trailing_12_months': 'Infinity', 'forward_p_e': None, 'previous_close': 0.028, 'regular_market_open': 0.028, 'two_hundred_day_average': 0.035825, 'trailing_annual_dividend_yield': None, 'payout_ratio': 0.0, 'regular_market_day_high': 0.028, 'average_daily_volume_10_day': 5086, 'regular_market_previous_close': 0.028, 'fifty_day_average': 0.02746, 'trailing_annual_dividend_rate': None, 'open_price': 0.028, 'average_volume_10_days': 5086, 'regular_market_day_low': 0.028, 'currency': 'AUD', 'regular_market_volume': 50865, 'market_cap': 59263680, 'average_volume': 62226, 'day_low': 0.028, 'ask': 0.028, 'ask_size': 0, 'volume': 50865, 'fifty_two_week_high': 0.074, 'fifty_two_week_low': 0.019, 'bid': 0.024, 'tradeable': False, 'bid_size': 0, 'day_high': 0.028, 'regular_market_price': 0.028, 'logo_url': 'https://logo.clearbit.com/terramin.com.au'}, 
